[public:][11/Feb/2025 16:05:46] INFO [/Users/sudhanshubhardwaj/Desktop/Zelthy/IssueTA/venv/lib/python3.11/site-packages/django/utils/autoreload.py:run_with_reloader:668] Watching for file changes with StatReloader 
[public:][11/Feb/2025 16:06:12] WARNING [/Users/sudhanshubhardwaj/Desktop/Zelthy/IssueTA/venv/lib/python3.11/site-packages/django/utils/log.py:log_response:241] Not Found: / 
[public:][11/Feb/2025 16:06:12] WARNING [/Users/sudhanshubhardwaj/Desktop/Zelthy/IssueTA/venv/lib/python3.11/site-packages/django/core/servers/basehttp.py:log_message:212] "GET / HTTP/1.1" 404 1877 
[public:][11/Feb/2025 16:06:31] WARNING [/Users/sudhanshubhardwaj/Desktop/Zelthy/IssueTA/venv/lib/python3.11/site-packages/django/utils/log.py:log_response:241] Not Found: /platform 
[public:][11/Feb/2025 16:06:31] WARNING [/Users/sudhanshubhardwaj/Desktop/Zelthy/IssueTA/venv/lib/python3.11/site-packages/django/core/servers/basehttp.py:log_message:212] "GET /platform HTTP/1.1" 404 1774 
[public:localhost][11/Feb/2025 16:07:11] INFO [/Users/sudhanshubhardwaj/Desktop/Zelthy/IssueTA/venv/lib/python3.11/site-packages/django/core/servers/basehttp.py:log_message:212] "GET /platform HTTP/1.1" 301 0 
[public:localhost][11/Feb/2025 16:07:11] INFO [/Users/sudhanshubhardwaj/Desktop/Zelthy/IssueTA/venv/lib/python3.11/site-packages/django/core/servers/basehttp.py:log_message:212] "GET /platform/ HTTP/1.1" 302 0 
[public:localhost][11/Feb/2025 16:07:11] INFO [/Users/sudhanshubhardwaj/Desktop/Zelthy/IssueTA/venv/lib/python3.11/site-packages/django/core/servers/basehttp.py:log_message:212] "GET /auth/login/?next=/platform/ HTTP/1.1" 200 4371 
[public:][11/Feb/2025 16:07:12] INFO [/Users/sudhanshubhardwaj/Desktop/Zelthy/IssueTA/venv/lib/python3.11/site-packages/django/core/servers/basehttp.py:log_message:212] "GET /static/app_panel/images/zangoLogo.svg HTTP/1.1" 304 0 
[public:localhost][11/Feb/2025 16:07:12] INFO [/Users/sudhanshubhardwaj/Desktop/Zelthy/IssueTA/venv/lib/python3.11/site-packages/django/core/servers/basehttp.py:log_message:212] "GET /static/app_panel/css/styles.css HTTP/1.1" 304 0 
[public:localhost][11/Feb/2025 16:07:18] INFO [/Users/sudhanshubhardwaj/Desktop/Zelthy/IssueTA/venv/lib/python3.11/site-packages/django/core/servers/basehttp.py:log_message:212] "POST /auth/login/?next=/platform/ HTTP/1.1" 302 0 
[public:localhost][11/Feb/2025 16:07:18] INFO [/Users/sudhanshubhardwaj/Desktop/Zelthy/IssueTA/venv/lib/python3.11/site-packages/django/core/servers/basehttp.py:log_message:212] "GET /platform HTTP/1.1" 301 0 
[public:localhost][11/Feb/2025 16:07:19] INFO [/Users/sudhanshubhardwaj/Desktop/Zelthy/IssueTA/venv/lib/python3.11/site-packages/django/core/servers/basehttp.py:log_message:212] "GET /platform/ HTTP/1.1" 200 1624 
[public:][11/Feb/2025 16:07:19] INFO [/Users/sudhanshubhardwaj/Desktop/Zelthy/IssueTA/venv/lib/python3.11/site-packages/django/core/servers/basehttp.py:log_message:212] "GET /static/session_security/style.css HTTP/1.1" 304 0 
[public:][11/Feb/2025 16:07:19] INFO [/Users/sudhanshubhardwaj/Desktop/Zelthy/IssueTA/venv/lib/python3.11/site-packages/django/core/servers/basehttp.py:log_message:212] "GET /static/app_panel/js/build.1736323994451.min.js HTTP/1.1" 304 0 
[public:][11/Feb/2025 16:07:19] INFO [/Users/sudhanshubhardwaj/Desktop/Zelthy/IssueTA/venv/lib/python3.11/site-packages/django/core/servers/basehttp.py:log_message:212] "GET /static/session_security/script.js HTTP/1.1" 304 0 
[public:localhost][11/Feb/2025 16:07:19] INFO [/Users/sudhanshubhardwaj/Desktop/Zelthy/IssueTA/venv/lib/python3.11/site-packages/django/core/servers/basehttp.py:log_message:212] "GET /static/js/jquery/3.7.1/jquery.min.js HTTP/1.1" 304 0 
[public:localhost][11/Feb/2025 16:07:37] INFO [/Users/sudhanshubhardwaj/Desktop/Zelthy/IssueTA/venv/lib/python3.11/site-packages/django/core/servers/basehttp.py:log_message:212] "GET /api/v1/auth/app-initalization-details/ HTTP/1.1" 200 291 
[public:localhost][11/Feb/2025 16:07:37] INFO [/Users/sudhanshubhardwaj/Desktop/Zelthy/IssueTA/venv/lib/python3.11/site-packages/django/core/servers/basehttp.py:log_message:212] "GET /api/v1/apps/ HTTP/1.1" 200 895 
[public:][11/Feb/2025 16:10:48] INFO [/Users/sudhanshubhardwaj/Desktop/Zelthy/IssueTA/venv/lib/python3.11/site-packages/django/utils/autoreload.py:trigger_reload:266] /Users/sudhanshubhardwaj/Desktop/Zelthy/IssueTA/IssueTrackerApplication/IssueTrackerApplication/settings.py changed, reloading. 
[public:][11/Feb/2025 16:13:20] INFO [/Users/sudhanshubhardwaj/Desktop/Zelthy/IssueTA/venv/lib/python3.11/site-packages/django/utils/autoreload.py:run_with_reloader:668] Watching for file changes with StatReloader 
[public:][11/Feb/2025 16:21:46] INFO [/Users/sudhanshubhardwaj/Desktop/Zelthy/IssueTA/venv/lib/python3.11/site-packages/django/utils/autoreload.py:trigger_reload:266] /Users/sudhanshubhardwaj/Desktop/Zelthy/IssueTA/IssueTrackerApplication/IssueTrackerApplication/settings.py changed, reloading. 
[public:][11/Feb/2025 16:21:53] INFO [/Users/sudhanshubhardwaj/Desktop/Zelthy/IssueTA/venv/lib/python3.11/site-packages/django/utils/autoreload.py:run_with_reloader:668] Watching for file changes with StatReloader 
[public:][11/Feb/2025 16:26:26] INFO [/Users/sudhanshubhardwaj/Desktop/Zelthy/IssueTA/venv/lib/python3.11/site-packages/django/utils/autoreload.py:run_with_reloader:668] Watching for file changes with StatReloader 
[public:][11/Feb/2025 16:27:36] INFO [/Users/sudhanshubhardwaj/Desktop/Zelthy/IssueTA/venv/lib/python3.11/site-packages/django/utils/autoreload.py:run_with_reloader:668] Watching for file changes with StatReloader 
[public:][11/Feb/2025 16:28:29] INFO [/Users/sudhanshubhardwaj/Desktop/Zelthy/IssueTA/venv/lib/python3.11/site-packages/django/utils/autoreload.py:run_with_reloader:668] Watching for file changes with StatReloader 
[public:][11/Feb/2025 16:32:33] INFO [/Users/sudhanshubhardwaj/Desktop/Zelthy/IssueTA/venv/lib/python3.11/site-packages/django/utils/autoreload.py:run_with_reloader:668] Watching for file changes with StatReloader 
[public:][11/Feb/2025 16:38:03] INFO [/Users/sudhanshubhardwaj/Desktop/Zelthy/IssueTA/venv/lib/python3.11/site-packages/django/utils/autoreload.py:run_with_reloader:668] Watching for file changes with StatReloader 
[public:][11/Feb/2025 16:38:42] INFO [/Users/sudhanshubhardwaj/Desktop/Zelthy/IssueTA/venv/lib/python3.11/site-packages/django/utils/autoreload.py:run_with_reloader:668] Watching for file changes with StatReloader 
[public:localhost][11/Feb/2025 16:39:07] INFO [/Users/sudhanshubhardwaj/Desktop/Zelthy/IssueTA/venv/lib/python3.11/site-packages/django/core/servers/basehttp.py:log_message:212] "GET /session_security/ping/?idleFor=1801&_=1739290055978 HTTP/1.1" 200 8 
[public:localhost][11/Feb/2025 16:39:08] INFO [/Users/sudhanshubhardwaj/Desktop/Zelthy/IssueTA/venv/lib/python3.11/site-packages/django/core/servers/basehttp.py:log_message:212] "GET /platform/apps HTTP/1.1" 302 0 
[public:localhost][11/Feb/2025 16:39:08] INFO [/Users/sudhanshubhardwaj/Desktop/Zelthy/IssueTA/venv/lib/python3.11/site-packages/django/core/servers/basehttp.py:log_message:212] "GET /auth/login/?next=/platform/apps HTTP/1.1" 200 4371 
[public:][11/Feb/2025 19:08:59] INFO [/Users/sudhanshubhardwaj/Desktop/Zelthy/IssueTA/venv/lib/python3.11/site-packages/django/utils/autoreload.py:run_with_reloader:668] Watching for file changes with StatReloader 
[public:][11/Feb/2025 19:17:08] INFO [/Users/sudhanshubhardwaj/Desktop/Zelthy/IssueTA/venv/lib/python3.11/site-packages/django/utils/autoreload.py:trigger_reload:266] /Users/sudhanshubhardwaj/Desktop/Zelthy/IssueTA/IssueTrackerApplication/IssueTrackerApplication/settings.py changed, reloading. 
[public:][11/Feb/2025 19:37:02] INFO [/Users/sudhanshubhardwaj/Desktop/Zelthy/IssueTA/venv/lib/python3.11/site-packages/django/utils/autoreload.py:run_with_reloader:668] Watching for file changes with StatReloader 
[public:][12/Feb/2025 06:36:18] INFO [/Users/sudhanshubhardwaj/Desktop/Zelthy/IssueTA/venv/lib/python3.11/site-packages/django/utils/autoreload.py:run_with_reloader:668] Watching for file changes with StatReloader 
